2018-12-02 08:37:49,285 use_pypy.py:30  DEBUG [8, 5, 4, 5, 0, 8, 6, 1, 5, 2]
2018-12-02 08:37:49,285 use_pypy.py:30  DEBUG [6, 0, 4, 6, 1, 6, 5, 10, 0, 7]
2018-12-02 08:37:49,285 use_pypy.py:30  DEBUG [4, 9, 4, 0, 8, 6, 5, 5, 6, 3]
2018-12-02 08:37:49,285 use_pypy.py:30  DEBUG [1, 3, 7, 6, 9, 5, 7, 3, 1, 5]
2018-12-02 08:37:49,285 use_pypy.py:30  DEBUG [0, 7, 6, 5, 3, 1, 3, 10, 8, 8]
2018-12-02 08:37:49,285 use_pypy.py:30  DEBUG [4, 9, 9, 4, 5, 8, 9, 2, 7, 4]
2018-12-02 08:37:49,285 use_pypy.py:30  DEBUG [4, 1, 3, 5, 3, 1, 6, 0, 3, 6]
2018-12-02 08:37:49,286 use_pypy.py:30  DEBUG [5, 2, 5, 7, 5, 1, 1, 10, 10, 5]
2018-12-02 08:37:49,286 use_pypy.py:30  DEBUG [10, 3, 9, 7, 1, 0, 2, 4, 8, 8]
2018-12-02 08:37:49,286 use_pypy.py:30  DEBUG [8, 0, 8, 3, 9, 7, 8, 7, 1, 0]
2018-12-02 08:37:49,286 use_pypy.py:44  DEBUG [None, None, 5.67, 4.67, 3.0, 4.33, 4.67, 5.0, 4.0, 2.67]
2018-12-02 08:37:49,286 use_pypy.py:44  DEBUG [None, None, 3.33, 3.33, 3.67, 4.33, 4.0, 7.0, 5.0, 5.67]
2018-12-02 08:37:49,286 use_pypy.py:44  DEBUG [None, None, 5.67, 4.33, 4.0, 4.67, 6.33, 5.33, 5.33, 4.67]
2018-12-02 08:37:49,286 use_pypy.py:44  DEBUG [None, None, 3.67, 5.33, 7.33, 6.67, 7.0, 5.0, 3.67, 3.0]
2018-12-02 08:37:49,286 use_pypy.py:44  DEBUG [None, None, 4.33, 6.0, 4.67, 3.0, 2.33, 4.67, 7.0, 8.67]
2018-12-02 08:37:49,286 use_pypy.py:44  DEBUG [None, None, 7.33, 7.33, 6.0, 5.67, 7.33, 6.33, 6.0, 4.33]
2018-12-02 08:37:49,286 use_pypy.py:44  DEBUG [None, None, 2.67, 3.0, 3.67, 3.0, 3.33, 2.33, 3.0, 3.0]
2018-12-02 08:37:49,286 use_pypy.py:44  DEBUG [None, None, 4.0, 4.67, 5.67, 4.33, 2.33, 4.0, 7.0, 8.33]
2018-12-02 08:37:49,286 use_pypy.py:44  DEBUG [None, None, 7.33, 6.33, 5.67, 2.67, 1.0, 2.0, 4.67, 6.67]
2018-12-02 08:37:49,286 use_pypy.py:44  DEBUG [None, None, 5.33, 3.67, 6.67, 6.33, 8.0, 7.33, 5.33, 2.67]
2018-12-02 08:37:49,286 use_pypy.py:49  WARNING The process took approx:  0 seconds
2018-12-02 08:38:41,150 use_pypy.py:49  WARNING The process took approx:  6 seconds
2018-12-02 08:38:46,756 use_pypy.py:49  WARNING The process took approx:  3 seconds
2018-12-02 08:40:03,286 use_pypy.py:49  WARNING The process took approx:  12 seconds
2018-12-02 08:40:15,019 use_pypy.py:49  WARNING The process took approx:  5 seconds
